<?xml version="1.0" encoding="UTF-8"?>
<!-- Generated by org.testng.reporters.JUnitReportReporter -->
<testsuite hostname="CBR-LAP-DEL2443" name="com.hilton.TestCases.LoginPageTest" tests="1" failures="0" timestamp="11 Jun 2019 17:22:58 GMT" time="56.868" errors="0">
  <testcase name="loginSuccess" time="56.868" classname="com.hilton.TestCases.LoginPageTest"/>
</testsuite> <!-- com.hilton.TestCases.LoginPageTest -->
