<?xml version="1.0" encoding="UTF-8"?>
<!-- Generated by org.testng.reporters.JUnitReportReporter -->
<testsuite hostname="CBR-LAP-DEL2443" name="Scenario.Scenario1" tests="2" failures="0" timestamp="26 May 2019 06:20:15 GMT" time="47.792" errors="0">
  <testcase name="clickSqlLink" time="4.253" classname="Scenario.Scenario1"/>
  <testcase name="sendValue" time="43.539" classname="Scenario.Scenario1"/>
</testsuite> <!-- Scenario.Scenario1 -->
