<?xml version="1.0" encoding="UTF-8"?>
<!-- Generated by org.testng.reporters.JUnitReportReporter -->
<testsuite hostname="CBR-LAP-DEL2443" name="com.hilton.ExcelReader.DataProviderRepository" tests="1" failures="0" timestamp="11 Jun 2019 07:46:54 GMT" time="0.779" errors="0">
  <testcase name="HiltonDataProvider" time="0.779" classname="com.hilton.ExcelReader.DataProviderRepository"/>
</testsuite> <!-- com.hilton.ExcelReader.DataProviderRepository -->
