<?xml version="1.0" encoding="UTF-8"?>
<!-- Generated by org.testng.reporters.JUnitReportReporter -->
<testsuite hostname="CBR-LAP-DEL2443" name="CaculatorAutomation.CalculatorTest.AppTest" tests="4" failures="0" timestamp="26 May 2019 05:54:14 GMT" time="0.081" errors="0">
  <testcase name="multiTest" time="0.005" classname="CaculatorAutomation.CalculatorTest.AppTest"/>
  <testcase name="divTest" time="0.006" classname="CaculatorAutomation.CalculatorTest.AppTest"/>
  <testcase name="subTest" time="0.004" classname="CaculatorAutomation.CalculatorTest.AppTest"/>
  <testcase name="addTest" time="0.066" classname="CaculatorAutomation.CalculatorTest.AppTest"/>
</testsuite> <!-- CaculatorAutomation.CalculatorTest.AppTest -->
