<?xml version="1.0" encoding="UTF-8"?>
<!-- Generated by org.testng.reporters.JUnitReportReporter -->
<testsuite hostname="CBR-LAP-DEL2443" name="com.hilton.TestCases.SignInPageTest" tests="1" failures="0" timestamp="6 Jun 2019 06:36:30 GMT" time="30.024" errors="0">
  <testcase name="verifySignInPageTitle" time="30.024" classname="com.hilton.TestCases.SignInPageTest"/>
</testsuite> <!-- com.hilton.TestCases.SignInPageTest -->
