<?xml version="1.0" encoding="UTF-8"?>
<!-- Generated by org.testng.reporters.JUnitReportReporter -->
<testsuite hostname="CBR-LAP-DEL2443" name="com.hilton.TestCases.SignInPageTest" tests="3" failures="0" timestamp="6 Jun 2019 09:41:13 GMT" time="91.913" errors="0">
  <testcase name="verifyLogoTest" time="26.880" classname="com.hilton.TestCases.SignInPageTest"/>
  <testcase name="verifySignInPageTitle" time="20.121" classname="com.hilton.TestCases.SignInPageTest"/>
  <testcase name="clickSignInButtonTest" time="44.912" classname="com.hilton.TestCases.SignInPageTest"/>
</testsuite> <!-- com.hilton.TestCases.SignInPageTest -->
