<?xml version="1.0" encoding="UTF-8"?>
<!-- Generated by org.testng.reporters.JUnitReportReporter -->
<testsuite hostname="CBR-LAP-DEL2443" name="com.hilton.TestCases.SignInPageTest" tests="3" failures="0" timestamp="3 Jun 2019 08:24:05 GMT" time="110.965" errors="0">
  <testcase name="verifyLogoTest" time="30.381" classname="com.hilton.TestCases.SignInPageTest"/>
  <testcase name="verifySignInPageTitle" time="35.311" classname="com.hilton.TestCases.SignInPageTest"/>
  <testcase name="clickSignInButtonTest" time="45.273" classname="com.hilton.TestCases.SignInPageTest"/>
</testsuite> <!-- com.hilton.TestCases.SignInPageTest -->
