<?xml version="1.0" encoding="UTF-8"?>
<!-- Generated by org.testng.reporters.JUnitReportReporter -->
<testsuite hostname="CBR-LAP-DEL2443" name="com.hilton.TestCases.LoginPageTest" tests="2" failures="0" timestamp="2 Jun 2019 18:31:13 GMT" time="114.165" errors="0">
  <testcase name="loginSuccess" time="54.764" classname="com.hilton.TestCases.LoginPageTest"/>
  <testcase name="verifyLoginPageTitle" time="59.401" classname="com.hilton.TestCases.LoginPageTest"/>
</testsuite> <!-- com.hilton.TestCases.LoginPageTest -->
